java.nio.file.InvalidPathException: Illegal char <?> at index 47: C:\Users\janne\OneDrive\Desktop\SoSe2024\AuD\Bl?tter\.scala-build\ide-options-v2.json
  java.base@17.0.6/sun.nio.fs.WindowsPathParser.normalize(WindowsPathParser.java:182)
  java.base@17.0.6/sun.nio.fs.WindowsPathParser.parse(WindowsPathParser.java:153)
  java.base@17.0.6/sun.nio.fs.WindowsPathParser.parse(WindowsPathParser.java:77)
  java.base@17.0.6/sun.nio.fs.WindowsPath.parse(WindowsPath.java:92)
  java.base@17.0.6/sun.nio.fs.WindowsFileSystem.getPath(WindowsFileSystem.java:232)
  java.base@17.0.6/java.nio.file.Path.of(Path.java:147)
  java.base@17.0.6/java.nio.file.Paths.get(Paths.java:69)
  os.PathConvertible$StringConvertible$.apply(Path.scala:507)
  os.PathConvertible$StringConvertible$.apply(Path.scala:507)
  os.FilePath$.apply(Path.scala:240)
  os.Path$.apply(Path.scala:397)
  scala.cli.commands.bsp.Bsp$.latestSharedOptions$$anonfun$1(Bsp.scala:25)
  scala.Option.map(Option.scala:242)
  scala.cli.commands.bsp.Bsp$.latestSharedOptions(Bsp.scala:25)
  scala.cli.commands.bsp.Bsp$.sharedOptions(Bsp.scala:32)
  scala.cli.commands.bsp.Bsp$.sharedOptions(Bsp.scala:31)
  scala.cli.commands.ScalaCommand.maybePrintWarnings(ScalaCommand.scala:164)
  scala.cli.commands.ScalaCommand.run(ScalaCommand.scala:358)
  scala.cli.commands.ScalaCommand.run(ScalaCommand.scala:348)
  caseapp.core.app.CaseApp.main(CaseApp.scala:150)
  scala.cli.commands.ScalaCommand.main(ScalaCommand.scala:333)
  caseapp.core.app.CommandsEntryPoint.main(CommandsEntryPoint.scala:120)
  scala.cli.ScalaCliCommands.main(ScalaCliCommands.scala:125)
  scala.cli.ScalaCli$.main0(ScalaCli.scala:245)
  scala.cli.ScalaCli$.main(ScalaCli.scala:108)
  scala.cli.ScalaCli.main(ScalaCli.scala)
